#-----------------------------------------------------------
# Vivado v2017.2 (64-bit)
# SW Build 1909853 on Thu Jun 15 18:39:09 MDT 2017
# IP Build 1909766 on Thu Jun 15 19:58:00 MDT 2017
# Start of session at: Sat Jul 15 19:34:34 2017
# Process ID: 16884
# Current directory: E:/FPGA/Xilinx/projects/GPS_test
# Command line: vivado.exe -gui_launcher_event rodinguilauncherevent7500 E:\FPGA\Xilinx\projects\GPS_test\GPS_test.xpr
# Log file: E:/FPGA/Xilinx/projects/GPS_test/vivado.log
# Journal file: E:/FPGA/Xilinx/projects/GPS_test\vivado.jou
#-----------------------------------------------------------
start_gui
open_project E:/FPGA/Xilinx/projects/GPS_test/GPS_test.xpr
Scanning sources...
Finished scanning sources
INFO: [IP_Flow 19-234] Refreshing IP repositories
INFO: [IP_Flow 19-1704] No user IP repositories specified
INFO: [IP_Flow 19-2313] Loaded Vivado IP repository 'D:/Xilinx/Vivado/2017.2/data/ip'.
remove_files  E:/FPGA/Xilinx/projects/GPS_test/GPS_test.srcs/sources_1/ip/dist_mem_gen_0/rom.coe
file delete -force E:/FPGA/Xilinx/projects/GPS_test/GPS_test.srcs/sources_1/ip/dist_mem_gen_0/rom.coe
remove_files  -fileset dist_mem_gen_0 E:/FPGA/Xilinx/projects/GPS_test/GPS_test.srcs/sources_1/ip/dist_mem_gen_0/dist_mem_gen_0.xci
INFO: [Project 1-386] Moving file 'E:/FPGA/Xilinx/projects/GPS_test/GPS_test.srcs/sources_1/ip/dist_mem_gen_0/dist_mem_gen_0.xci' from fileset 'dist_mem_gen_0' to fileset 'sources_1'.
file delete -force E:/FPGA/Xilinx/projects/GPS_test/GPS_test.srcs/sources_1/ip/dist_mem_gen_0
file delete -force E:/FPGA/Xilinx/projects/GPS_test/GPS_test.ip_user_files/ip/dist_mem_gen_0 E:/FPGA/Xilinx/projects/GPS_test/GPS_test.ip_user_files/sim_scripts/dist_mem_gen_0
remove_files  E:/FPGA/Xilinx/projects/GPS_test/GPS_test.srcs/sources_1/new/uart.v
file delete -force E:/FPGA/Xilinx/projects/GPS_test/GPS_test.srcs/sources_1/new/uart.v
close [ open E:/FPGA/Xilinx/projects/GPS_test/GPS_test.srcs/sources_1/new/key_process.v w ]
add_files E:/FPGA/Xilinx/projects/GPS_test/GPS_test.srcs/sources_1/new/key_process.v
exit
INFO: [Common 17-206] Exiting Vivado at Sat Jul 15 22:28:26 2017...
